HisaabBook/app/build/intermediates/manifest_merge_blame_file/debug/manifest-merger-blame-debug-report.txt
1<?xml version="1.0" encoding="utf-8"?>
2<manifest xmlns:android="http://schemas.android.com/apk/res/android"
3    package="com.example.hissabbookapp"
4    android:versionCode="1"
5    android:versionName="1.0" >
6
7    <uses-sdk
8        android:minSdkVersion="16"
8-->src\main\AndroidManifest.xml
9        android:targetSdkVersion="31" />
9-->src\main\AndroidManifest.xml
10
11    <application
11-->src\main\AndroidManifest.xml:5:5-26:19
12        android:name="com.example.hissabbookapp.MyApplication"
12-->src\main\AndroidManifest.xml:6:9-38
13        android:allowBackup="true"
13-->src\main\AndroidManifest.xml:7:9-35
14        android:appComponentFactory="androidx.core.app.CoreComponentFactory"
14-->[androidx.core:core:1.3.1] AndroidManifest.xml:24:18-86
15        android:debuggable="true"
16        android:icon="@mipmap/ic_launcher"
16-->src\main\AndroidManifest.xml:8:9-43
17        android:label="@string/app_name"
17-->src\main\AndroidManifest.xml:9:9-41
18        android:roundIcon="@mipmap/ic_launcher_round"
18-->src\main\AndroidManifest.xml:10:9-54
19        android:supportsRtl="true"
19-->src\main\AndroidManifest.xml:11:9-35
20        android:testOnly="true"
21        android:theme="@style/Theme.HissabBookApp" >
21-->src\main\AndroidManifest.xml:12:9-51
22        <activity android:name="com.example.hissabbookapp.activities.ActivityViewRecord" />
22-->src\main\AndroidManifest.xml:13:9-76
22-->src\main\AndroidManifest.xml:13:19-64
23        <activity android:name="com.example.hissabbookapp.activities.ActivityUpdateRecord" />
23-->src\main\AndroidManifest.xml:14:9-69
23-->src\main\AndroidManifest.xml:14:19-66
24        <activity android:name="com.example.hissabbookapp.activities.ActivityCashOut" />
24-->src\main\AndroidManifest.xml:15:9-64
24-->src\main\AndroidManifest.xml:15:19-61
25        <activity android:name="com.example.hissabbookapp.activities.ActivityCashIn" />
25-->src\main\AndroidManifest.xml:16:9-63
25-->src\main\AndroidManifest.xml:16:19-60
26        <activity
26-->src\main\AndroidManifest.xml:17:9-25:20
27            android:name="com.example.hissabbookapp.activities.MainActivity"
27-->src\main\AndroidManifest.xml:18:13-52
28            android:exported="true" >
28-->src\main\AndroidManifest.xml:19:13-36
29            <intent-filter>
29-->src\main\AndroidManifest.xml:20:13-24:29
30                <action android:name="android.intent.action.MAIN" />
30-->src\main\AndroidManifest.xml:21:17-69
30-->src\main\AndroidManifest.xml:21:25-66
31
32                <category android:name="android.intent.category.LAUNCHER" />
32-->src\main\AndroidManifest.xml:23:17-77
32-->src\main\AndroidManifest.xml:23:27-74
33            </intent-filter>
34        </activity>
35    </application>
36
37</manifest>